Using pre-set license
Built from '2020.2/release' branch; Version is '2020.2.1f1 (270dd8c3da1c) revision 2559448'; Using compiler version '192528614'; Build Type 'Release'
OS: 'Windows 10  (10.0.0) 64bit' Language: 'es' Physical Memory: 16327 MB
BatchMode: 1, IsHumanControllingUs: 0, StartBugReporterOnCrash: 0, Is64bit: 1, IsPro: 0

 COMMAND LINE ARGUMENTS:
C:\Program Files\Unity\Hub\Editor\2020.2.1f1\Editor\Unity.exe
-adb2
-batchMode
-noUpm
-name
AssetImportWorker0
-projectPath
C:/Users/Usuario/Desktop/Dise単o/demo-unity
-logFile
Logs/AssetImportWorker0.log
-srvPort
50172
Successfully changed project path to: C:/Users/Usuario/Desktop/Dise単o/demo-unity
C:/Users/Usuario/Desktop/Dise単o/demo-unity
Using Asset Import Pipeline V2.
Refreshing native plugins compatible for Editor in 34.71 ms, found 1 plugins.
Preloading 0 native plugins for Editor in 0.00 ms.
Initialize engine version: 2020.2.1f1 (270dd8c3da1c)
[Subsystems] Discovering subsystems at path C:/Program Files/Unity/Hub/Editor/2020.2.1f1/Editor/Data/Resources/UnitySubsystems
[Subsystems] Discovering subsystems at path C:/Users/Usuario/Desktop/Dise単o/demo-unity/Assets
GfxDevice: creating device client; threaded=0
Direct3D:
    Version:  Direct3D 11.0 [level 11.1]
    Renderer: NVIDIA GeForce GTX 1650 (ID=0x1f82)
    Vendor:   
    VRAM:     3962 MB
    Driver:   26.21.14.3200
Initialize mono
Mono path[0] = 'C:/Program Files/Unity/Hub/Editor/2020.2.1f1/Editor/Data/Managed'
Mono path[1] = 'C:/Program Files/Unity/Hub/Editor/2020.2.1f1/Editor/Data/MonoBleedingEdge/lib/mono/unityjit'
Mono config path = 'C:/Program Files/Unity/Hub/Editor/2020.2.1f1/Editor/Data/MonoBleedingEdge/etc'
Using monoOptions --debugger-agent=transport=dt_socket,embedding=1,server=y,suspend=n,address=127.0.0.1:56796
Begin MonoManager ReloadAssembly
Registering precompiled unity dll's ...
Register platform support module: C:/Program Files/Unity/Hub/Editor/2020.2.1f1/Editor/Data/PlaybackEngines/WindowsStandaloneSupport/UnityEditor.WindowsStandalone.Extensions.dll
Registered in 0.001399 seconds.
Native extension for WindowsStandalone target not found
Refreshing native plugins compatible for Editor in 33.79 ms, found 1 plugins.
Preloading 0 native plugins for Editor in 0.00 ms.
Invoked RoslynAnalysisRunner static constructor.
RoslynAnalysisRunner will not be running.
RoslynAnalysisRunner has terminated.
Mono: successfully reloaded assembly
- Completed reload, in  1.134 seconds
Platform modules already initialized, skipping
Registering precompiled user dll's ...
Registered in 0.000795 seconds.
Begin MonoManager ReloadAssembly
Native extension for WindowsStandalone target not found
Refreshing native plugins compatible for Editor in 30.84 ms, found 1 plugins.
Preloading 0 native plugins for Editor in 0.00 ms.
Invoked RoslynAnalysisRunner static constructor.
RoslynAnalysisRunner will not be running.
RoslynAnalysisRunner has terminated.
Mono: successfully reloaded assembly
- Completed reload, in  0.859 seconds
Platform modules already initialized, skipping
========================================================================
Worker process is ready to serve import requests
Launched and connected shader compiler UnityShaderCompiler.exe after 0.03 seconds
Refreshing native plugins compatible for Editor in 0.43 ms, found 1 plugins.
Preloading 0 native plugins for Editor in 0.00 ms.
Unloading 1803 Unused Serialized files (Serialized files now loaded: 0)
System memory in use before: 84.3 MB.
System memory in use after: 84.2 MB.

Unloading 24 unused Assets to reduce memory usage. Loaded Objects now: 2245.
Total: 2.413600 ms (FindLiveObjects: 0.273000 ms CreateObjectMapping: 0.112300 ms MarkObjects: 1.873700 ms  DeleteObjects: 0.153500 ms)

========================================================================
Received Import Request.
  path: Assets/Ejercicios/RollingBall/Scripts/EfectoContacto.cs
  artifactKey: Guid(001b29f7ed526d44d85f70b3b407ae88) Importer(815301076,1909f56bfc062723c751e8b465ee728b)
Start importing Assets/Ejercicios/RollingBall/Scripts/EfectoContacto.cs using Guid(001b29f7ed526d44d85f70b3b407ae88) Importer(815301076,1909f56bfc062723c751e8b465ee728b)  -> (artifact id: 'a9c8016160acd92ea8bb66538a2ed438') in 0.022313 seconds
  Import took 0.025950 seconds .

========================================================================
Received Prepare
Registering precompiled user dll's ...
Registered in 0.000744 seconds.
Begin MonoManager ReloadAssembly
Native extension for WindowsStandalone target not found
Refreshing native plugins compatible for Editor in 0.40 ms, found 1 plugins.
Preloading 0 native plugins for Editor in 0.00 ms.
Invoked RoslynAnalysisRunner static constructor.
RoslynAnalysisRunner will not be running.
RoslynAnalysisRunner has terminated.
Mono: successfully reloaded assembly
- Completed reload, in  0.769 seconds
Platform modules already initialized, skipping
Refreshing native plugins compatible for Editor in 0.34 ms, found 1 plugins.
Preloading 0 native plugins for Editor in 0.00 ms.
Unloading 1798 Unused Serialized files (Serialized files now loaded: 0)
System memory in use before: 84.3 MB.
System memory in use after: 84.3 MB.

Unloading 12 unused Assets to reduce memory usage. Loaded Objects now: 2248.
Total: 1.753900 ms (FindLiveObjects: 0.256800 ms CreateObjectMapping: 0.062700 ms MarkObjects: 1.357300 ms  DeleteObjects: 0.076200 ms)

========================================================================
Received Import Request.
  Time since last request: 32.542309 seconds.
  path: Assets/Ejercicios/RollingBall/Scripts/EfectoContacto.cs
  artifactKey: Guid(001b29f7ed526d44d85f70b3b407ae88) Importer(815301076,1909f56bfc062723c751e8b465ee728b)
Start importing Assets/Ejercicios/RollingBall/Scripts/EfectoContacto.cs using Guid(001b29f7ed526d44d85f70b3b407ae88) Importer(815301076,1909f56bfc062723c751e8b465ee728b)  -> (artifact id: '9b11d923c61d5e5727e7c1f7cc28bf26') in 0.004384 seconds
  Import took 0.006755 seconds .

========================================================================
Received Prepare
Registering precompiled user dll's ...
Registered in 0.000781 seconds.
Begin MonoManager ReloadAssembly
Native extension for WindowsStandalone target not found
Refreshing native plugins compatible for Editor in 0.35 ms, found 1 plugins.
Preloading 0 native plugins for Editor in 0.00 ms.
Invoked RoslynAnalysisRunner static constructor.
RoslynAnalysisRunner will not be running.
RoslynAnalysisRunner has terminated.
Mono: successfully reloaded assembly
- Completed reload, in  0.764 seconds
Platform modules already initialized, skipping
Refreshing native plugins compatible for Editor in 0.36 ms, found 1 plugins.
Preloading 0 native plugins for Editor in 0.00 ms.
Unloading 1798 Unused Serialized files (Serialized files now loaded: 0)
System memory in use before: 84.4 MB.
System memory in use after: 84.4 MB.

Unloading 12 unused Assets to reduce memory usage. Loaded Objects now: 2251.
Total: 1.689700 ms (FindLiveObjects: 0.151400 ms CreateObjectMapping: 0.047100 ms MarkObjects: 1.412800 ms  DeleteObjects: 0.077500 ms)

========================================================================
Received Prepare
Registering precompiled user dll's ...
Registered in 0.000837 seconds.
Begin MonoManager ReloadAssembly
Native extension for WindowsStandalone target not found
Refreshing native plugins compatible for Editor in 0.36 ms, found 1 plugins.
Preloading 0 native plugins for Editor in 0.00 ms.
Invoked RoslynAnalysisRunner static constructor.
RoslynAnalysisRunner will not be running.
RoslynAnalysisRunner has terminated.
Mono: successfully reloaded assembly
- Completed reload, in  0.708 seconds
Platform modules already initialized, skipping
Refreshing native plugins compatible for Editor in 0.47 ms, found 1 plugins.
Preloading 0 native plugins for Editor in 0.00 ms.
Unloading 1798 Unused Serialized files (Serialized files now loaded: 0)
System memory in use before: 84.5 MB.
System memory in use after: 84.5 MB.

Unloading 12 unused Assets to reduce memory usage. Loaded Objects now: 2254.
Total: 1.673500 ms (FindLiveObjects: 0.184900 ms CreateObjectMapping: 0.055800 ms MarkObjects: 1.351000 ms  DeleteObjects: 0.081000 ms)

========================================================================
Received Prepare
Registering precompiled user dll's ...
Registered in 0.000792 seconds.
Begin MonoManager ReloadAssembly
Native extension for WindowsStandalone target not found
Refreshing native plugins compatible for Editor in 0.35 ms, found 1 plugins.
Preloading 0 native plugins for Editor in 0.00 ms.
Invoked RoslynAnalysisRunner static constructor.
RoslynAnalysisRunner will not be running.
RoslynAnalysisRunner has terminated.
Mono: successfully reloaded assembly
- Completed reload, in  0.814 seconds
Platform modules already initialized, skipping
Refreshing native plugins compatible for Editor in 0.35 ms, found 1 plugins.
Preloading 0 native plugins for Editor in 0.00 ms.
Unloading 1798 Unused Serialized files (Serialized files now loaded: 0)
System memory in use before: 84.6 MB.
System memory in use after: 84.6 MB.

Unloading 12 unused Assets to reduce memory usage. Loaded Objects now: 2257.
Total: 1.650000 ms (FindLiveObjects: 0.181300 ms CreateObjectMapping: 0.051900 ms MarkObjects: 1.333600 ms  DeleteObjects: 0.082100 ms)

========================================================================
Received Prepare
Registering precompiled user dll's ...
Registered in 0.001089 seconds.
Begin MonoManager ReloadAssembly
Native extension for WindowsStandalone target not found
Refreshing native plugins compatible for Editor in 0.35 ms, found 1 plugins.
Preloading 0 native plugins for Editor in 0.00 ms.
Invoked RoslynAnalysisRunner static constructor.
RoslynAnalysisRunner will not be running.
RoslynAnalysisRunner has terminated.
Mono: successfully reloaded assembly
- Completed reload, in  0.702 seconds
Platform modules already initialized, skipping
Refreshing native plugins compatible for Editor in 0.39 ms, found 1 plugins.
Preloading 0 native plugins for Editor in 0.00 ms.
Unloading 1798 Unused Serialized files (Serialized files now loaded: 0)
System memory in use before: 84.6 MB.
System memory in use after: 84.6 MB.

Unloading 12 unused Assets to reduce memory usage. Loaded Objects now: 2260.
Total: 1.611900 ms (FindLiveObjects: 0.146600 ms CreateObjectMapping: 0.046600 ms MarkObjects: 1.336500 ms  DeleteObjects: 0.081600 ms)

========================================================================
Received Prepare
Registering precompiled user dll's ...
Registered in 0.000741 seconds.
Begin MonoManager ReloadAssembly
Native extension for WindowsStandalone target not found
Refreshing native plugins compatible for Editor in 0.41 ms, found 1 plugins.
Preloading 0 native plugins for Editor in 0.00 ms.
Invoked RoslynAnalysisRunner static constructor.
RoslynAnalysisRunner will not be running.
RoslynAnalysisRunner has terminated.
Mono: successfully reloaded assembly
- Completed reload, in  0.759 seconds
Platform modules already initialized, skipping
Refreshing native plugins compatible for Editor in 0.34 ms, found 1 plugins.
Preloading 0 native plugins for Editor in 0.00 ms.
Unloading 1798 Unused Serialized files (Serialized files now loaded: 0)
System memory in use before: 84.7 MB.
System memory in use after: 84.7 MB.

Unloading 12 unused Assets to reduce memory usage. Loaded Objects now: 2263.
Total: 4.520300 ms (FindLiveObjects: 0.359300 ms CreateObjectMapping: 0.170900 ms MarkObjects: 3.814800 ms  DeleteObjects: 0.173100 ms)

========================================================================
Received Prepare
Registering precompiled user dll's ...
Registered in 0.000766 seconds.
Begin MonoManager ReloadAssembly
Native extension for WindowsStandalone target not found
Refreshing native plugins compatible for Editor in 0.35 ms, found 1 plugins.
Preloading 0 native plugins for Editor in 0.00 ms.
Invoked RoslynAnalysisRunner static constructor.
RoslynAnalysisRunner will not be running.
RoslynAnalysisRunner has terminated.
Mono: successfully reloaded assembly
- Completed reload, in  0.697 seconds
Platform modules already initialized, skipping
Refreshing native plugins compatible for Editor in 0.35 ms, found 1 plugins.
Preloading 0 native plugins for Editor in 0.00 ms.
Unloading 1798 Unused Serialized files (Serialized files now loaded: 0)
System memory in use before: 84.8 MB.
System memory in use after: 84.8 MB.

Unloading 12 unused Assets to reduce memory usage. Loaded Objects now: 2266.
Total: 1.741400 ms (FindLiveObjects: 0.182200 ms CreateObjectMapping: 0.059300 ms MarkObjects: 1.415000 ms  DeleteObjects: 0.084000 ms)

========================================================================
Received Prepare
Registering precompiled user dll's ...
Registered in 0.000701 seconds.
Begin MonoManager ReloadAssembly
Native extension for WindowsStandalone target not found
Refreshing native plugins compatible for Editor in 0.36 ms, found 1 plugins.
Preloading 0 native plugins for Editor in 0.00 ms.
Invoked RoslynAnalysisRunner static constructor.
RoslynAnalysisRunner will not be running.
RoslynAnalysisRunner has terminated.
Mono: successfully reloaded assembly
- Completed reload, in  0.689 seconds
Platform modules already initialized, skipping
Refreshing native plugins compatible for Editor in 0.36 ms, found 1 plugins.
Preloading 0 native plugins for Editor in 0.00 ms.
Unloading 1798 Unused Serialized files (Serialized files now loaded: 0)
System memory in use before: 84.9 MB.
System memory in use after: 84.9 MB.

Unloading 12 unused Assets to reduce memory usage. Loaded Objects now: 2269.
Total: 2.415300 ms (FindLiveObjects: 0.199000 ms CreateObjectMapping: 0.056300 ms MarkObjects: 2.038000 ms  DeleteObjects: 0.121100 ms)

========================================================================
Received Prepare
Registering precompiled user dll's ...
Registered in 0.000772 seconds.
Begin MonoManager ReloadAssembly
Native extension for WindowsStandalone target not found
Refreshing native plugins compatible for Editor in 0.39 ms, found 1 plugins.
Preloading 0 native plugins for Editor in 0.00 ms.
Invoked RoslynAnalysisRunner static constructor.
RoslynAnalysisRunner will not be running.
RoslynAnalysisRunner has terminated.
Mono: successfully reloaded assembly
- Completed reload, in  0.705 seconds
Platform modules already initialized, skipping
Refreshing native plugins compatible for Editor in 0.35 ms, found 1 plugins.
Preloading 0 native plugins for Editor in 0.00 ms.
Unloading 1798 Unused Serialized files (Serialized files now loaded: 0)
System memory in use before: 84.9 MB.
System memory in use after: 84.9 MB.

Unloading 12 unused Assets to reduce memory usage. Loaded Objects now: 2272.
Total: 1.736900 ms (FindLiveObjects: 0.195600 ms CreateObjectMapping: 0.064200 ms MarkObjects: 1.351000 ms  DeleteObjects: 0.125500 ms)

========================================================================
Received Prepare
Registering precompiled user dll's ...
Registered in 0.000915 seconds.
Begin MonoManager ReloadAssembly
Native extension for WindowsStandalone target not found
Refreshing native plugins compatible for Editor in 0.36 ms, found 1 plugins.
Preloading 0 native plugins for Editor in 0.00 ms.
Invoked RoslynAnalysisRunner static constructor.
RoslynAnalysisRunner will not be running.
RoslynAnalysisRunner has terminated.
Mono: successfully reloaded assembly
- Completed reload, in  0.760 seconds
Platform modules already initialized, skipping
Refreshing native plugins compatible for Editor in 0.34 ms, found 1 plugins.
Preloading 0 native plugins for Editor in 0.00 ms.
Unloading 1798 Unused Serialized files (Serialized files now loaded: 0)
System memory in use before: 85.0 MB.
System memory in use after: 85.0 MB.

Unloading 12 unused Assets to reduce memory usage. Loaded Objects now: 2275.
Total: 1.735200 ms (FindLiveObjects: 0.155100 ms CreateObjectMapping: 0.053700 ms MarkObjects: 1.444000 ms  DeleteObjects: 0.081400 ms)

========================================================================
Received Import Request.
  Time since last request: 424.303490 seconds.
  path: Assets/Ejercicios/RollingBall/Scripts/LanzadorBolas.cs
  artifactKey: Guid(3d1c1ac139f0b4fae8f0558f72a6ad07) Importer(815301076,1909f56bfc062723c751e8b465ee728b)
Start importing Assets/Ejercicios/RollingBall/Scripts/LanzadorBolas.cs using Guid(3d1c1ac139f0b4fae8f0558f72a6ad07) Importer(815301076,1909f56bfc062723c751e8b465ee728b)  -> (artifact id: 'f8608ec11e154a21130d74df8435f545') in 0.008046 seconds
  Import took 0.012205 seconds .

========================================================================
Received Import Request.
  Time since last request: 51.688603 seconds.
  path: Assets/Ejercicios/RollingBall
  artifactKey: Guid(e3f02385a43804268b26d5d3f6c6f510) Importer(815301076,1909f56bfc062723c751e8b465ee728b)
Start importing Assets/Ejercicios/RollingBall using Guid(e3f02385a43804268b26d5d3f6c6f510) Importer(815301076,1909f56bfc062723c751e8b465ee728b)  -> (artifact id: '919a2c30d932149d203f0b63708a9849') in 0.008920 seconds
  Import took 0.012172 seconds .

========================================================================
Received Import Request.
  Time since last request: 5.006289 seconds.
  path: Assets
  artifactKey: Guid(00000000000000001000000000000000) Importer(815301076,1909f56bfc062723c751e8b465ee728b)
Start importing Assets using Guid(00000000000000001000000000000000) Importer(815301076,1909f56bfc062723c751e8b465ee728b)  -> (artifact id: 'e1a2c4dac9df7c17871e19a3b74f0e9f') in 0.009338 seconds
  Import took 0.013825 seconds .

========================================================================
Received Import Request.
  Time since last request: 4.876266 seconds.
  path: Assets/Material
  artifactKey: Guid(2d1d43efe88a6d6408eb90286fea140f) Importer(815301076,1909f56bfc062723c751e8b465ee728b)
Start importing Assets/Material using Guid(2d1d43efe88a6d6408eb90286fea140f) Importer(815301076,1909f56bfc062723c751e8b465ee728b)  -> (artifact id: 'd7c6360d671f0da2ec81f3367d6aca1f') in 0.007807 seconds
  Import took 0.011162 seconds .

========================================================================
Received Import Request.
  Time since last request: 75.513628 seconds.
  path: Assets/Sprites/Pinball/background_blue.png
  artifactKey: Guid(e0654089ea3e2401889655ed3602689b) Importer(815301076,1909f56bfc062723c751e8b465ee728b)
Start importing Assets/Sprites/Pinball/background_blue.png using Guid(e0654089ea3e2401889655ed3602689b) Importer(815301076,1909f56bfc062723c751e8b465ee728b)  -> (artifact id: '906bb5ecd042983f4efd72bc4c9bf4e5') in 0.164441 seconds
  Import took 0.168476 seconds .

========================================================================
Received Import Request.
  Time since last request: 0.000246 seconds.
  path: Assets/Sprites/Fondos/backgroundColorDesert.png
  artifactKey: Guid(28954de41ccaee64683cbb5d936c5187) Importer(815301076,1909f56bfc062723c751e8b465ee728b)
Start importing Assets/Sprites/Fondos/backgroundColorDesert.png using Guid(28954de41ccaee64683cbb5d936c5187) Importer(815301076,1909f56bfc062723c751e8b465ee728b)  -> (artifact id: 'ec65dc7f982c3cee287d484520351e42') in 0.020830 seconds
  Import took 0.023860 seconds .

========================================================================
Received Import Request.
  Time since last request: 0.000251 seconds.
  path: Assets/Sprites/Pinball/background_blue.png
  artifactKey: Guid(e0654089ea3e2401889655ed3602689b) Importer(815301076,1909f56bfc062723c751e8b465ee728b)
Start importing Assets/Sprites/Pinball/background_blue.png using Guid(e0654089ea3e2401889655ed3602689b) Importer(815301076,1909f56bfc062723c751e8b465ee728b)  -> (artifact id: '906bb5ecd042983f4efd72bc4c9bf4e5') in 0.010952 seconds
  Import took 0.014378 seconds .

========================================================================
Received Import Request.
  Time since last request: 0.000245 seconds.
  path: Assets/Sprites/Pinball/background_green.png
  artifactKey: Guid(c2fe851ddaeab41b58bfcad87e8e17f4) Importer(815301076,1909f56bfc062723c751e8b465ee728b)
Start importing Assets/Sprites/Pinball/background_green.png using Guid(c2fe851ddaeab41b58bfcad87e8e17f4) Importer(815301076,1909f56bfc062723c751e8b465ee728b)  -> (artifact id: '9f9ab69aa2aa08e35b5ec3081206b5d0') in 0.017842 seconds
  Import took 0.021032 seconds .

========================================================================
Received Import Request.
  Time since last request: 0.000258 seconds.
  path: Assets/Sprites/Pinball/background_brown.png
  artifactKey: Guid(2e736bad40e844d8bab8d7a4535975b2) Importer(815301076,1909f56bfc062723c751e8b465ee728b)
Start importing Assets/Sprites/Pinball/background_brown.png using Guid(2e736bad40e844d8bab8d7a4535975b2) Importer(815301076,1909f56bfc062723c751e8b465ee728b)  -> (artifact id: 'e2fff9e512cd9b6346c2965bad27a055') in 0.020712 seconds
  Import took 0.023676 seconds .

========================================================================
Received Import Request.
  Time since last request: 0.000257 seconds.
  path: Assets/Sprites/Pinball/background_green.png
  artifactKey: Guid(c2fe851ddaeab41b58bfcad87e8e17f4) Importer(815301076,1909f56bfc062723c751e8b465ee728b)
Start importing Assets/Sprites/Pinball/background_green.png using Guid(c2fe851ddaeab41b58bfcad87e8e17f4) Importer(815301076,1909f56bfc062723c751e8b465ee728b)  -> (artifact id: '9f9ab69aa2aa08e35b5ec3081206b5d0') in 0.008988 seconds
  Import took 0.012259 seconds .

========================================================================
Received Import Request.
  Time since last request: 0.000215 seconds.
  path: Assets/Sprites/Fondos/backgroundColorFall.png
  artifactKey: Guid(8af1db8dc0706da4082cd74190596a9b) Importer(815301076,1909f56bfc062723c751e8b465ee728b)
Start importing Assets/Sprites/Fondos/backgroundColorFall.png using Guid(8af1db8dc0706da4082cd74190596a9b) Importer(815301076,1909f56bfc062723c751e8b465ee728b)  -> (artifact id: '6b95f711f6385da86d06fce85eea41b6') in 0.018578 seconds
  Import took 0.021674 seconds .

========================================================================
Received Import Request.
  Time since last request: 0.000233 seconds.
  path: Assets/Sprites/Fondos/backgroundColorGrass.png
  artifactKey: Guid(673790f920f31124998ebde35144a61a) Importer(815301076,1909f56bfc062723c751e8b465ee728b)
Start importing Assets/Sprites/Fondos/backgroundColorGrass.png using Guid(673790f920f31124998ebde35144a61a) Importer(815301076,1909f56bfc062723c751e8b465ee728b)  -> (artifact id: '5a5f373cf988d1b50c8df7163a032b25') in 0.018712 seconds
  Import took 0.021937 seconds .

========================================================================
Received Import Request.
  Time since last request: 0.000235 seconds.
  path: Assets/Sprites/Fondos/backgroundColorForest.png
  artifactKey: Guid(0b5de85681c779b468cd94d5a3c364fd) Importer(815301076,1909f56bfc062723c751e8b465ee728b)
Start importing Assets/Sprites/Fondos/backgroundColorForest.png using Guid(0b5de85681c779b468cd94d5a3c364fd) Importer(815301076,1909f56bfc062723c751e8b465ee728b)  -> (artifact id: 'fdb714f3de6e75e4b978562f1d10e6da') in 0.018940 seconds
  Import took 0.021943 seconds .

========================================================================
Received Import Request.
  Time since last request: 0.000258 seconds.
  path: Assets/Sprites/Fondos/backgroundCastles.png
  artifactKey: Guid(3bf0d1ed632cc0e449d61db1c73619d8) Importer(815301076,1909f56bfc062723c751e8b465ee728b)
Start importing Assets/Sprites/Fondos/backgroundCastles.png using Guid(3bf0d1ed632cc0e449d61db1c73619d8) Importer(815301076,1909f56bfc062723c751e8b465ee728b)  -> (artifact id: 'ad1b3ba7d166590f74d86dcf1a7a2282') in 0.018440 seconds
  Import took 0.021866 seconds .

========================================================================
Received Prepare
Registering precompiled user dll's ...
Registered in 0.000758 seconds.
Begin MonoManager ReloadAssembly
Native extension for WindowsStandalone target not found
Refreshing native plugins compatible for Editor in 0.73 ms, found 1 plugins.
Preloading 0 native plugins for Editor in 0.00 ms.
Invoked RoslynAnalysisRunner static constructor.
RoslynAnalysisRunner will not be running.
RoslynAnalysisRunner has terminated.
Mono: successfully reloaded assembly
- Completed reload, in  0.688 seconds
Platform modules already initialized, skipping
Refreshing native plugins compatible for Editor in 0.41 ms, found 1 plugins.
Preloading 0 native plugins for Editor in 0.00 ms.
Unloading 1798 Unused Serialized files (Serialized files now loaded: 0)
System memory in use before: 88.1 MB.
System memory in use after: 88.1 MB.

Unloading 12 unused Assets to reduce memory usage. Loaded Objects now: 2284.
Total: 2.104100 ms (FindLiveObjects: 0.189100 ms CreateObjectMapping: 0.066000 ms MarkObjects: 1.765100 ms  DeleteObjects: 0.082700 ms)

========================================================================
Received Prepare
Registering precompiled user dll's ...
Registered in 0.000682 seconds.
Begin MonoManager ReloadAssembly
Native extension for WindowsStandalone target not found
Refreshing native plugins compatible for Editor in 0.46 ms, found 1 plugins.
Preloading 0 native plugins for Editor in 0.00 ms.
Invoked RoslynAnalysisRunner static constructor.
RoslynAnalysisRunner will not be running.
RoslynAnalysisRunner has terminated.
Mono: successfully reloaded assembly
- Completed reload, in  0.686 seconds
Platform modules already initialized, skipping
Refreshing native plugins compatible for Editor in 0.35 ms, found 1 plugins.
Preloading 0 native plugins for Editor in 0.00 ms.
Unloading 1798 Unused Serialized files (Serialized files now loaded: 0)
System memory in use before: 88.2 MB.
System memory in use after: 88.2 MB.

Unloading 12 unused Assets to reduce memory usage. Loaded Objects now: 2287.
Total: 1.880400 ms (FindLiveObjects: 0.203200 ms CreateObjectMapping: 0.059500 ms MarkObjects: 1.461500 ms  DeleteObjects: 0.155400 ms)

========================================================================
Received Prepare
Registering precompiled user dll's ...
Registered in 0.000906 seconds.
Begin MonoManager ReloadAssembly
Native extension for WindowsStandalone target not found
Refreshing native plugins compatible for Editor in 0.53 ms, found 1 plugins.
Preloading 0 native plugins for Editor in 0.00 ms.
Invoked RoslynAnalysisRunner static constructor.
RoslynAnalysisRunner will not be running.
RoslynAnalysisRunner has terminated.
Mono: successfully reloaded assembly
- Completed reload, in  0.818 seconds
Platform modules already initialized, skipping
Refreshing native plugins compatible for Editor in 0.70 ms, found 1 plugins.
Preloading 0 native plugins for Editor in 0.00 ms.
Unloading 1798 Unused Serialized files (Serialized files now loaded: 0)
System memory in use before: 88.3 MB.
System memory in use after: 88.3 MB.

Unloading 12 unused Assets to reduce memory usage. Loaded Objects now: 2290.
Total: 1.879100 ms (FindLiveObjects: 0.217100 ms CreateObjectMapping: 0.067300 ms MarkObjects: 1.483100 ms  DeleteObjects: 0.110600 ms)

========================================================================
Received Prepare
Registering precompiled user dll's ...
Registered in 0.000748 seconds.
Begin MonoManager ReloadAssembly
Native extension for WindowsStandalone target not found
Refreshing native plugins compatible for Editor in 0.36 ms, found 1 plugins.
Preloading 0 native plugins for Editor in 0.00 ms.
Invoked RoslynAnalysisRunner static constructor.
RoslynAnalysisRunner will not be running.
RoslynAnalysisRunner has terminated.
Mono: successfully reloaded assembly
- Completed reload, in  0.684 seconds
Platform modules already initialized, skipping
Refreshing native plugins compatible for Editor in 0.36 ms, found 1 plugins.
Preloading 0 native plugins for Editor in 0.00 ms.
Unloading 1798 Unused Serialized files (Serialized files now loaded: 0)
System memory in use before: 88.4 MB.
System memory in use after: 88.4 MB.

Unloading 12 unused Assets to reduce memory usage. Loaded Objects now: 2293.
Total: 1.771400 ms (FindLiveObjects: 0.171100 ms CreateObjectMapping: 0.052600 ms MarkObjects: 1.467100 ms  DeleteObjects: 0.079600 ms)

AssetImportWorkerClient::OnTransportError - code=2 error=End of file
