Using pre-set license

 COMMAND LINE ARGUMENTS:
/Applications/Unity/2020.2.1f1/Unity.app/Contents/MacOS/Unity
-adb2
-batchMode
-noUpm
-name
AssetImportWorker0
-projectPath
/Users/luis/Documents/Docencia/Atlantico/demo-unity
-logFile
Logs/AssetImportWorker0.log
-srvPort
60615
Successfully changed project path to: /Users/luis/Documents/Docencia/Atlantico/demo-unity
/Users/luis/Documents/Docencia/Atlantico/demo-unity
Using Asset Import Pipeline V2.
Refreshing native plugins compatible for Editor in 36.38 ms, found 2 plugins.
Preloading 0 native plugins for Editor in 0.00 ms.
Initialize engine version: 2020.2.1f1 (270dd8c3da1c)
[Subsystems] Discovering subsystems at path /Applications/Unity/2020.2.1f1/Unity.app/Contents/Resources/UnitySubsystems
[Subsystems] Discovering subsystems at path /Users/luis/Documents/Docencia/Atlantico/demo-unity/Assets
GfxDevice: creating device client; threaded=0
2021-01-26 21:33:11.719 Unity[38165:1938153] iMac preferred device: AMD Radeon Pro 570X (high power)
2021-01-26 21:33:11.719 Unity[38165:1938153] Metal devices available: 1
2021-01-26 21:33:11.719 Unity[38165:1938153] 0: AMD Radeon Pro 570X (high power)
2021-01-26 21:33:11.719 Unity[38165:1938153] Forcing user selected device: AMD Radeon Pro 570X (high power)
Initializing Metal device caps: AMD Radeon Pro 570X
Initialize mono
Mono path[0] = '/Applications/Unity/2020.2.1f1/Unity.app/Contents/Managed'
Mono path[1] = '/Applications/Unity/2020.2.1f1/Unity.app/Contents/MonoBleedingEdge/lib/mono/unityjit'
Mono config path = '/Applications/Unity/2020.2.1f1/Unity.app/Contents/MonoBleedingEdge/etc'
Using monoOptions --debugger-agent=transport=dt_socket,embedding=1,server=y,suspend=n,address=127.0.0.1:56165
Begin MonoManager ReloadAssembly
Registering precompiled unity dll's ...
Register platform support module: /Applications/Unity/2020.2.1f1/Unity.app/Contents/PlaybackEngines/MacStandaloneSupport/UnityEditor.OSXStandalone.Extensions.dll
Registered in 0.000432 seconds.
Native extension for OSXStandalone target not found
Refreshing native plugins compatible for Editor in 33.17 ms, found 2 plugins.
Preloading 0 native plugins for Editor in 0.00 ms.
Invoked RoslynAnalysisRunner static constructor.
RoslynAnalysisRunner will not be running.
RoslynAnalysisRunner has terminated.
Mono: successfully reloaded assembly
- Completed reload, in  1.307 seconds
Platform modules already initialized, skipping
Registering precompiled user dll's ...
Registered in 0.000474 seconds.
Begin MonoManager ReloadAssembly
Native extension for OSXStandalone target not found
Refreshing native plugins compatible for Editor in 35.42 ms, found 2 plugins.
Preloading 0 native plugins for Editor in 0.00 ms.
Invoked RoslynAnalysisRunner static constructor.
RoslynAnalysisRunner will not be running.
RoslynAnalysisRunner has terminated.
Mono: successfully reloaded assembly
- Completed reload, in  1.060 seconds
Platform modules already initialized, skipping
========================================================================
Worker process is ready to serve import requests
Launching external process: /Applications/Unity/2020.2.1f1/Unity.app/Contents/Tools/UnityShaderCompiler
Launched and connected shader compiler UnityShaderCompiler after 0.02 seconds
Refreshing native plugins compatible for Editor in 0.32 ms, found 2 plugins.
Preloading 0 native plugins for Editor in 0.00 ms.
Unloading 1802 Unused Serialized files (Serialized files now loaded: 0)
System memory in use before: 144.2 MB.
System memory in use after: 144.2 MB.

Unloading 24 unused Assets to reduce memory usage. Loaded Objects now: 2244.
Total: 3.009714 ms (FindLiveObjects: 0.276950 ms CreateObjectMapping: 0.106666 ms MarkObjects: 2.489627 ms  DeleteObjects: 0.134994 ms)

========================================================================
Received Import Request.
  path: Assets/1-RollingBall/Scripts/MovimientoLanzador.cs
  artifactKey: Guid(a9ed248881c474dd6a9e53ebd33132a4) Importer(815301076,1909f56bfc062723c751e8b465ee728b)
Start importing Assets/1-RollingBall/Scripts/MovimientoLanzador.cs using Guid(a9ed248881c474dd6a9e53ebd33132a4) Importer(815301076,1909f56bfc062723c751e8b465ee728b)  -> (artifact id: 'ff4aaa73b4fb9215883931f753434903') in 0.272257 seconds
  Import took 0.274871 seconds .

========================================================================
Received Import Request.
  Time since last request: 5.945502 seconds.
  path: Assets/1-RollingBall/Scripts/MovimientoLanzador.cs
  artifactKey: Guid(a9ed248881c474dd6a9e53ebd33132a4) Importer(815301076,1909f56bfc062723c751e8b465ee728b)
Start importing Assets/1-RollingBall/Scripts/MovimientoLanzador.cs using Guid(a9ed248881c474dd6a9e53ebd33132a4) Importer(815301076,1909f56bfc062723c751e8b465ee728b)  -> (artifact id: 'a2aca12129585371c8a50bc32b3f28b5') in 0.007116 seconds
  Import took 0.009939 seconds .

========================================================================
Received Prepare
Registering precompiled user dll's ...
Registered in 0.000755 seconds.
Begin MonoManager ReloadAssembly
Native extension for OSXStandalone target not found
Refreshing native plugins compatible for Editor in 0.33 ms, found 2 plugins.
Preloading 0 native plugins for Editor in 0.00 ms.
Invoked RoslynAnalysisRunner static constructor.
RoslynAnalysisRunner will not be running.
RoslynAnalysisRunner has terminated.
Mono: successfully reloaded assembly
- Completed reload, in  0.927 seconds
Platform modules already initialized, skipping
Refreshing native plugins compatible for Editor in 0.30 ms, found 2 plugins.
Preloading 0 native plugins for Editor in 0.00 ms.
Unloading 1797 Unused Serialized files (Serialized files now loaded: 0)
System memory in use before: 149.0 MB.
System memory in use after: 149.0 MB.

Unloading 12 unused Assets to reduce memory usage. Loaded Objects now: 2247.
Total: 2.645205 ms (FindLiveObjects: 0.247563 ms CreateObjectMapping: 0.100392 ms MarkObjects: 2.195129 ms  DeleteObjects: 0.100945 ms)

========================================================================
Received Prepare
Registering precompiled user dll's ...
Registered in 0.000585 seconds.
Begin MonoManager ReloadAssembly
Native extension for OSXStandalone target not found
Refreshing native plugins compatible for Editor in 0.33 ms, found 2 plugins.
Preloading 0 native plugins for Editor in 0.00 ms.
Invoked RoslynAnalysisRunner static constructor.
RoslynAnalysisRunner will not be running.
RoslynAnalysisRunner has terminated.
Mono: successfully reloaded assembly
- Completed reload, in  0.932 seconds
Platform modules already initialized, skipping
Refreshing native plugins compatible for Editor in 0.31 ms, found 2 plugins.
Preloading 0 native plugins for Editor in 0.00 ms.
Unloading 1797 Unused Serialized files (Serialized files now loaded: 0)
System memory in use before: 149.4 MB.
System memory in use after: 149.4 MB.

Unloading 12 unused Assets to reduce memory usage. Loaded Objects now: 2250.
Total: 2.644272 ms (FindLiveObjects: 0.242252 ms CreateObjectMapping: 0.096780 ms MarkObjects: 2.203491 ms  DeleteObjects: 0.100498 ms)

========================================================================
Received Prepare
Registering precompiled user dll's ...
Registered in 0.000570 seconds.
Begin MonoManager ReloadAssembly
Native extension for OSXStandalone target not found
Refreshing native plugins compatible for Editor in 0.34 ms, found 2 plugins.
Preloading 0 native plugins for Editor in 0.00 ms.
Invoked RoslynAnalysisRunner static constructor.
RoslynAnalysisRunner will not be running.
RoslynAnalysisRunner has terminated.
Mono: successfully reloaded assembly
- Completed reload, in  0.946 seconds
Platform modules already initialized, skipping
Refreshing native plugins compatible for Editor in 0.33 ms, found 2 plugins.
Preloading 0 native plugins for Editor in 0.00 ms.
Unloading 1797 Unused Serialized files (Serialized files now loaded: 0)
System memory in use before: 149.8 MB.
System memory in use after: 149.8 MB.

Unloading 12 unused Assets to reduce memory usage. Loaded Objects now: 2253.
Total: 2.716849 ms (FindLiveObjects: 0.269704 ms CreateObjectMapping: 0.103333 ms MarkObjects: 2.232170 ms  DeleteObjects: 0.110124 ms)

========================================================================
Received Prepare
Registering precompiled user dll's ...
Registered in 0.000527 seconds.
Begin MonoManager ReloadAssembly
Native extension for OSXStandalone target not found
Refreshing native plugins compatible for Editor in 0.33 ms, found 2 plugins.
Preloading 0 native plugins for Editor in 0.00 ms.
Invoked RoslynAnalysisRunner static constructor.
RoslynAnalysisRunner will not be running.
RoslynAnalysisRunner has terminated.
Mono: successfully reloaded assembly
- Completed reload, in  0.938 seconds
Platform modules already initialized, skipping
Refreshing native plugins compatible for Editor in 0.33 ms, found 2 plugins.
Preloading 0 native plugins for Editor in 0.00 ms.
Unloading 1797 Unused Serialized files (Serialized files now loaded: 0)
System memory in use before: 150.1 MB.
System memory in use after: 150.1 MB.

Unloading 12 unused Assets to reduce memory usage. Loaded Objects now: 2256.
Total: 2.700727 ms (FindLiveObjects: 0.255095 ms CreateObjectMapping: 0.097403 ms MarkObjects: 2.237143 ms  DeleteObjects: 0.109421 ms)

========================================================================
Received Import Request.
  Time since last request: 192.187014 seconds.
  path: Assets/1-RollingBall/Scripts/ReceptorBolas.cs
  artifactKey: Guid(cfe8478a403504c81a42a447cc34ff46) Importer(815301076,1909f56bfc062723c751e8b465ee728b)
Start importing Assets/1-RollingBall/Scripts/ReceptorBolas.cs using Guid(cfe8478a403504c81a42a447cc34ff46) Importer(815301076,1909f56bfc062723c751e8b465ee728b)  -> (artifact id: '3723615e5ae78ce5140f610dbbffe9f7') in 0.004264 seconds
  Import took 0.007551 seconds .

